TpTrace Verbose: 0 : 21964, 1, 2022/01/12, 16:21:26.698, 466555173682, vstest.console.dll, Version: 16.11.0
TpTrace Information: 0 : 21964, 1, 2022/01/12, 16:21:26.705, 466555235481, vstest.console.dll, FilePatternParser: The given file C:\Users\pparahyba\source\repos\chaptertestesunitarios.tests\bin\Debug\netcoreapp3.1\fine-code-coverage\build-output\chaptertestesunitarios.tests.dll is a full path.
TpTrace Verbose: 0 : 21964, 1, 2022/01/12, 16:21:26.713, 466555315450, vstest.console.dll, TestPluginCache.DiscoverTestExtensions: finding test extensions in assemblies ends with: RuntimeProvider.dll TPluginInfo: Microsoft.VisualStudio.TestPlatform.Common.ExtensionFramework.Utilities.TestRuntimePluginInformation TExtension: Microsoft.VisualStudio.TestPlatform.ObjectModel.Host.ITestRuntimeProvider
TpTrace Verbose: 0 : 21964, 1, 2022/01/12, 16:21:26.713, 466555319311, vstest.console.dll, TestPluginCache.GetExtensionPaths: Filtered extension paths: 
TpTrace Verbose: 0 : 21964, 1, 2022/01/12, 16:21:26.713, 466555320067, vstest.console.dll, TestPluginCache.GetExtensionPaths: Added default extension paths: C:\Program Files\dotnet\sdk\5.0.404\Extensions\Microsoft.Diagnostics.NETCore.Client.dll
C:\Program Files\dotnet\sdk\5.0.404\Extensions\Microsoft.TestPlatform.Extensions.BlameDataCollector.dll
C:\Program Files\dotnet\sdk\5.0.404\Extensions\Microsoft.TestPlatform.Extensions.EventLogCollector.dll
C:\Program Files\dotnet\sdk\5.0.404\Extensions\Microsoft.TestPlatform.TestHostRuntimeProvider.dll
C:\Program Files\dotnet\sdk\5.0.404\Extensions\Microsoft.VisualStudio.TestPlatform.Extensions.Html.TestLogger.dll
C:\Program Files\dotnet\sdk\5.0.404\Extensions\Microsoft.VisualStudio.TestPlatform.Extensions.Trx.TestLogger.dll
TpTrace Verbose: 0 : 21964, 1, 2022/01/12, 16:21:26.713, 466555320342, vstest.console.dll, TestPluginCache.GetExtensionPaths: Added unfilterableExtensionPaths: 
TpTrace Information: 0 : 21964, 1, 2022/01/12, 16:21:26.714, 466555326190, vstest.console.dll, AssemblyResolver.ctor: Creating AssemblyResolver with searchDirectories C:\Program Files\dotnet\sdk\5.0.404\Extensions,C:\Program Files\dotnet\sdk\5.0.404
TpTrace Verbose: 0 : 21964, 1, 2022/01/12, 16:21:26.715, 466555337059, vstest.console.dll, TestPluginCache.DiscoverTestExtensions: Discovering the extensions using extension path.
TpTrace Verbose: 0 : 21964, 1, 2022/01/12, 16:21:26.715, 466555337981, vstest.console.dll, TestPluginCache.GetExtensionPaths: Filtered extension paths: 
TpTrace Verbose: 0 : 21964, 1, 2022/01/12, 16:21:26.715, 466555338560, vstest.console.dll, TestPluginCache.GetExtensionPaths: Added default extension paths: C:\Program Files\dotnet\sdk\5.0.404\Extensions\Microsoft.Diagnostics.NETCore.Client.dll
C:\Program Files\dotnet\sdk\5.0.404\Extensions\Microsoft.TestPlatform.Extensions.BlameDataCollector.dll
C:\Program Files\dotnet\sdk\5.0.404\Extensions\Microsoft.TestPlatform.Extensions.EventLogCollector.dll
C:\Program Files\dotnet\sdk\5.0.404\Extensions\Microsoft.TestPlatform.TestHostRuntimeProvider.dll
C:\Program Files\dotnet\sdk\5.0.404\Extensions\Microsoft.VisualStudio.TestPlatform.Extensions.Html.TestLogger.dll
C:\Program Files\dotnet\sdk\5.0.404\Extensions\Microsoft.VisualStudio.TestPlatform.Extensions.Trx.TestLogger.dll
TpTrace Verbose: 0 : 21964, 1, 2022/01/12, 16:21:26.715, 466555338784, vstest.console.dll, TestPluginCache.GetExtensionPaths: Added unfilterableExtensionPaths: 
TpTrace Verbose: 0 : 21964, 1, 2022/01/12, 16:21:26.715, 466555339243, vstest.console.dll, TestPluginCache.DiscoverTestExtensions: Discovering the extensions using allExtensionPaths: C:\Program Files\dotnet\sdk\5.0.404\Extensions\Microsoft.Diagnostics.NETCore.Client.dll
C:\Program Files\dotnet\sdk\5.0.404\Extensions\Microsoft.TestPlatform.Extensions.BlameDataCollector.dll
C:\Program Files\dotnet\sdk\5.0.404\Extensions\Microsoft.TestPlatform.Extensions.EventLogCollector.dll
C:\Program Files\dotnet\sdk\5.0.404\Extensions\Microsoft.TestPlatform.TestHostRuntimeProvider.dll
C:\Program Files\dotnet\sdk\5.0.404\Extensions\Microsoft.VisualStudio.TestPlatform.Extensions.Html.TestLogger.dll
C:\Program Files\dotnet\sdk\5.0.404\Extensions\Microsoft.VisualStudio.TestPlatform.Extensions.Trx.TestLogger.dll
TpTrace Information: 0 : 21964, 1, 2022/01/12, 16:21:26.715, 466555340419, vstest.console.dll, AssemblyResolver.AddSearchDirectories: Adding more searchDirectories C:\Program Files\dotnet\sdk\5.0.404\Extensions,C:\Program Files\dotnet\sdk\5.0.404
TpTrace Information: 0 : 21964, 1, 2022/01/12, 16:21:26.715, 466555340894, vstest.console.dll, AssemblyResolver.AddSearchDirectories: Adding more searchDirectories C:\Program Files\dotnet\sdk\5.0.404\Extensions,C:\Program Files\dotnet\sdk\5.0.404
TpTrace Information: 0 : 21964, 1, 2022/01/12, 16:21:26.715, 466555341220, vstest.console.dll, AssemblyResolver.AddSearchDirectories: Adding more searchDirectories C:\Program Files\dotnet\sdk\5.0.404\Extensions,C:\Program Files\dotnet\sdk\5.0.404
TpTrace Information: 0 : 21964, 1, 2022/01/12, 16:21:26.715, 466555341432, vstest.console.dll, AssemblyResolver.AddSearchDirectories: Adding more searchDirectories C:\Program Files\dotnet\sdk\5.0.404\Extensions,C:\Program Files\dotnet\sdk\5.0.404
TpTrace Information: 0 : 21964, 1, 2022/01/12, 16:21:26.715, 466555341658, vstest.console.dll, AssemblyResolver.AddSearchDirectories: Adding more searchDirectories C:\Program Files\dotnet\sdk\5.0.404\Extensions,C:\Program Files\dotnet\sdk\5.0.404
TpTrace Information: 0 : 21964, 1, 2022/01/12, 16:21:26.715, 466555341860, vstest.console.dll, AssemblyResolver.AddSearchDirectories: Adding more searchDirectories C:\Program Files\dotnet\sdk\5.0.404\Extensions,C:\Program Files\dotnet\sdk\5.0.404
TpTrace Information: 0 : 21964, 1, 2022/01/12, 16:21:26.716, 466555346764, vstest.console.dll, AssemblyResolver.OnResolve: Microsoft.Diagnostics.NETCore.Client: Resolving assembly.
TpTrace Information: 0 : 21964, 1, 2022/01/12, 16:21:26.716, 466555347333, vstest.console.dll, AssemblyResolver.OnResolve: Microsoft.Diagnostics.NETCore.Client: Searching in: 'C:\Program Files\dotnet\sdk\5.0.404\Extensions'.
TpTrace Information: 0 : 21964, 1, 2022/01/12, 16:21:26.717, 466555358096, vstest.console.dll, AssemblyResolver.OnResolve: Microsoft.Diagnostics.NETCore.Client: Loading assembly 'C:\Program Files\dotnet\sdk\5.0.404\Extensions\Microsoft.Diagnostics.NETCore.Client.dll'.
TpTrace Information: 0 : 21964, 1, 2022/01/12, 16:21:26.718, 466555369607, vstest.console.dll, AssemblyResolver.OnResolve: Resolved assembly: Microsoft.Diagnostics.NETCore.Client, from path: C:\Program Files\dotnet\sdk\5.0.404\Extensions\Microsoft.Diagnostics.NETCore.Client.dll
TpTrace Information: 0 : 21964, 1, 2022/01/12, 16:21:26.721, 466555394607, vstest.console.dll, AssemblyResolver.OnResolve: Microsoft.Bcl.AsyncInterfaces: Resolving assembly.
TpTrace Information: 0 : 21964, 1, 2022/01/12, 16:21:26.721, 466555395184, vstest.console.dll, AssemblyResolver.OnResolve: Microsoft.Bcl.AsyncInterfaces: Searching in: 'C:\Program Files\dotnet\sdk\5.0.404\Extensions'.
TpTrace Information: 0 : 21964, 1, 2022/01/12, 16:21:26.721, 466555395758, vstest.console.dll, AssemblyResolver.OnResolve: Microsoft.Bcl.AsyncInterfaces: Assembly path does not exist: 'C:\Program Files\dotnet\sdk\5.0.404\Extensions\Microsoft.Bcl.AsyncInterfaces.dll', returning.
TpTrace Information: 0 : 21964, 1, 2022/01/12, 16:21:26.721, 466555396191, vstest.console.dll, AssemblyResolver.OnResolve: Microsoft.Bcl.AsyncInterfaces: Assembly path does not exist: 'C:\Program Files\dotnet\sdk\5.0.404\Extensions\Microsoft.Bcl.AsyncInterfaces.exe', returning.
TpTrace Information: 0 : 21964, 1, 2022/01/12, 16:21:26.721, 466555396459, vstest.console.dll, AssemblyResolver.OnResolve: Microsoft.Bcl.AsyncInterfaces: Searching in: 'C:\Program Files\dotnet\sdk\5.0.404'.
TpTrace Information: 0 : 21964, 1, 2022/01/12, 16:21:26.721, 466555396896, vstest.console.dll, AssemblyResolver.OnResolve: Microsoft.Bcl.AsyncInterfaces: Assembly path does not exist: 'C:\Program Files\dotnet\sdk\5.0.404\Microsoft.Bcl.AsyncInterfaces.dll', returning.
TpTrace Information: 0 : 21964, 1, 2022/01/12, 16:21:26.721, 466555397298, vstest.console.dll, AssemblyResolver.OnResolve: Microsoft.Bcl.AsyncInterfaces: Assembly path does not exist: 'C:\Program Files\dotnet\sdk\5.0.404\Microsoft.Bcl.AsyncInterfaces.exe', returning.
TpTrace Information: 0 : 21964, 1, 2022/01/12, 16:21:26.721, 466555397848, vstest.console.dll, AssemblyResolver.OnResolve: Microsoft.Bcl.AsyncInterfaces: Failed to load assembly.
TpTrace Verbose: 0 : 21964, 1, 2022/01/12, 16:21:26.721, 466555398191, vstest.console.dll, CurrentDomainAssemblyResolve: Resolving assembly 'Microsoft.Bcl.AsyncInterfaces'.
TpTrace Information: 0 : 21964, 1, 2022/01/12, 16:21:26.721, 466555398778, vstest.console.dll, AssemblyResolver.OnResolve: Microsoft.Bcl.AsyncInterfaces: Resolving assembly.
TpTrace Information: 0 : 21964, 1, 2022/01/12, 16:21:26.721, 466555399046, vstest.console.dll, AssemblyResolver.OnResolve: Microsoft.Bcl.AsyncInterfaces: Resolved from cache.
TpTrace Verbose: 0 : 21964, 1, 2022/01/12, 16:21:26.721, 466555399263, vstest.console.dll, CurrentDomainAssemblyResolve: Resolving assembly 'Microsoft.Bcl.AsyncInterfaces'.
TpTrace Verbose: 0 : 21964, 1, 2022/01/12, 16:21:26.721, 466555399513, vstest.console.dll, CurrentDomainAssemblyResolve: Failed to resolve assembly 'Microsoft.Bcl.AsyncInterfaces'.
TpTrace Verbose: 0 : 21964, 1, 2022/01/12, 16:21:26.725, 466555435540, vstest.console.dll, CurrentDomainAssemblyResolve: Failed to resolve assembly 'Microsoft.Bcl.AsyncInterfaces'.
TpTrace Warning: 0 : 21964, 1, 2022/01/12, 16:21:26.742, 466555604539, vstest.console.dll, TestPluginDiscoverer: Failed to get types from assembly 'Microsoft.Diagnostics.NETCore.Client, Version=0.2.2.41902, Culture=neutral, PublicKeyToken=31bf3856ad364e35'.  Skipping test extension scan for this assembly.  Error: System.Reflection.ReflectionTypeLoadException: Unable to load one or more of the requested types.
Could not load file or assembly 'Microsoft.Bcl.AsyncInterfaces, Version=1.0.0.0, Culture=neutral, PublicKeyToken=cc7b13ffcd2ddd51'. The system cannot find the file specified.
   at System.Reflection.RuntimeModule.GetTypes(RuntimeModule module)
   at System.Reflection.RuntimeModule.GetTypes()
   at System.Reflection.Assembly.GetTypes()
   at Microsoft.VisualStudio.TestPlatform.Common.ExtensionFramework.TestPluginDiscoverer.GetTestExtensionsFromAssembly[TPluginInfo,TExtension](Assembly assembly, Dictionary`2 pluginInfos)
System.IO.FileNotFoundException: Could not load file or assembly 'Microsoft.Bcl.AsyncInterfaces, Version=1.0.0.0, Culture=neutral, PublicKeyToken=cc7b13ffcd2ddd51'. The system cannot find the file specified.
File name: 'Microsoft.Bcl.AsyncInterfaces, Version=1.0.0.0, Culture=neutral, PublicKeyToken=cc7b13ffcd2ddd51'
TpTrace Warning: 0 : 21964, 1, 2022/01/12, 16:21:26.742, 466555605346, vstest.console.dll, LoaderExceptions: System.IO.FileNotFoundException: Could not load file or assembly 'Microsoft.Bcl.AsyncInterfaces, Version=1.0.0.0, Culture=neutral, PublicKeyToken=cc7b13ffcd2ddd51'. The system cannot find the file specified.
File name: 'Microsoft.Bcl.AsyncInterfaces, Version=1.0.0.0, Culture=neutral, PublicKeyToken=cc7b13ffcd2ddd51'
TpTrace Information: 0 : 21964, 1, 2022/01/12, 16:21:26.742, 466555606260, vstest.console.dll, AssemblyResolver.OnResolve: Microsoft.TestPlatform.Extensions.BlameDataCollector: Resolving assembly.
TpTrace Information: 0 : 21964, 1, 2022/01/12, 16:21:26.742, 466555606557, vstest.console.dll, AssemblyResolver.OnResolve: Microsoft.TestPlatform.Extensions.BlameDataCollector: Searching in: 'C:\Program Files\dotnet\sdk\5.0.404\Extensions'.
TpTrace Information: 0 : 21964, 1, 2022/01/12, 16:21:26.742, 466555614262, vstest.console.dll, AssemblyResolver.OnResolve: Microsoft.TestPlatform.Extensions.BlameDataCollector: Loading assembly 'C:\Program Files\dotnet\sdk\5.0.404\Extensions\Microsoft.TestPlatform.Extensions.BlameDataCollector.dll'.
TpTrace Information: 0 : 21964, 1, 2022/01/12, 16:21:26.743, 466555622378, vstest.console.dll, AssemblyResolver.OnResolve: Resolved assembly: Microsoft.TestPlatform.Extensions.BlameDataCollector, from path: C:\Program Files\dotnet\sdk\5.0.404\Extensions\Microsoft.TestPlatform.Extensions.BlameDataCollector.dll
TpTrace Information: 0 : 21964, 1, 2022/01/12, 16:21:26.744, 466555630200, vstest.console.dll, AssemblyResolver.OnResolve: Microsoft.TestPlatform.Extensions.EventLogCollector: Resolving assembly.
TpTrace Information: 0 : 21964, 1, 2022/01/12, 16:21:26.744, 466555630663, vstest.console.dll, AssemblyResolver.OnResolve: Microsoft.TestPlatform.Extensions.EventLogCollector: Searching in: 'C:\Program Files\dotnet\sdk\5.0.404\Extensions'.
TpTrace Information: 0 : 21964, 1, 2022/01/12, 16:21:26.745, 466555635946, vstest.console.dll, AssemblyResolver.OnResolve: Microsoft.TestPlatform.Extensions.EventLogCollector: Loading assembly 'C:\Program Files\dotnet\sdk\5.0.404\Extensions\Microsoft.TestPlatform.Extensions.EventLogCollector.dll'.
TpTrace Information: 0 : 21964, 1, 2022/01/12, 16:21:26.745, 466555640413, vstest.console.dll, AssemblyResolver.OnResolve: Resolved assembly: Microsoft.TestPlatform.Extensions.EventLogCollector, from path: C:\Program Files\dotnet\sdk\5.0.404\Extensions\Microsoft.TestPlatform.Extensions.EventLogCollector.dll
TpTrace Information: 0 : 21964, 1, 2022/01/12, 16:21:26.747, 466555661095, vstest.console.dll, AssemblyResolver.OnResolve: Microsoft.TestPlatform.TestHostRuntimeProvider: Resolving assembly.
TpTrace Information: 0 : 21964, 1, 2022/01/12, 16:21:26.747, 466555661678, vstest.console.dll, AssemblyResolver.OnResolve: Microsoft.TestPlatform.TestHostRuntimeProvider: Searching in: 'C:\Program Files\dotnet\sdk\5.0.404\Extensions'.
TpTrace Information: 0 : 21964, 1, 2022/01/12, 16:21:26.748, 466555668823, vstest.console.dll, AssemblyResolver.OnResolve: Microsoft.TestPlatform.TestHostRuntimeProvider: Loading assembly 'C:\Program Files\dotnet\sdk\5.0.404\Extensions\Microsoft.TestPlatform.TestHostRuntimeProvider.dll'.
TpTrace Information: 0 : 21964, 1, 2022/01/12, 16:21:26.748, 466555672615, vstest.console.dll, AssemblyResolver.OnResolve: Resolved assembly: Microsoft.TestPlatform.TestHostRuntimeProvider, from path: C:\Program Files\dotnet\sdk\5.0.404\Extensions\Microsoft.TestPlatform.TestHostRuntimeProvider.dll
TpTrace Information: 0 : 21964, 1, 2022/01/12, 16:21:26.749, 466555681177, vstest.console.dll, AssemblyResolver.OnResolve: Microsoft.VisualStudio.TestPlatform.Extensions.Html.TestLogger: Resolving assembly.
TpTrace Information: 0 : 21964, 1, 2022/01/12, 16:21:26.749, 466555681591, vstest.console.dll, AssemblyResolver.OnResolve: Microsoft.VisualStudio.TestPlatform.Extensions.Html.TestLogger: Searching in: 'C:\Program Files\dotnet\sdk\5.0.404\Extensions'.
TpTrace Information: 0 : 21964, 1, 2022/01/12, 16:21:26.750, 466555686732, vstest.console.dll, AssemblyResolver.OnResolve: Microsoft.VisualStudio.TestPlatform.Extensions.Html.TestLogger: Loading assembly 'C:\Program Files\dotnet\sdk\5.0.404\Extensions\Microsoft.VisualStudio.TestPlatform.Extensions.Html.TestLogger.dll'.
TpTrace Information: 0 : 21964, 1, 2022/01/12, 16:21:26.750, 466555691575, vstest.console.dll, AssemblyResolver.OnResolve: Resolved assembly: Microsoft.VisualStudio.TestPlatform.Extensions.Html.TestLogger, from path: C:\Program Files\dotnet\sdk\5.0.404\Extensions\Microsoft.VisualStudio.TestPlatform.Extensions.Html.TestLogger.dll
TpTrace Information: 0 : 21964, 1, 2022/01/12, 16:21:26.750, 466555693546, vstest.console.dll, AssemblyResolver.OnResolve: Microsoft.VisualStudio.TestPlatform.Extensions.Trx.TestLogger: Resolving assembly.
TpTrace Information: 0 : 21964, 1, 2022/01/12, 16:21:26.750, 466555693878, vstest.console.dll, AssemblyResolver.OnResolve: Microsoft.VisualStudio.TestPlatform.Extensions.Trx.TestLogger: Searching in: 'C:\Program Files\dotnet\sdk\5.0.404\Extensions'.
TpTrace Information: 0 : 21964, 1, 2022/01/12, 16:21:26.751, 466555700846, vstest.console.dll, AssemblyResolver.OnResolve: Microsoft.VisualStudio.TestPlatform.Extensions.Trx.TestLogger: Loading assembly 'C:\Program Files\dotnet\sdk\5.0.404\Extensions\Microsoft.VisualStudio.TestPlatform.Extensions.Trx.TestLogger.dll'.
TpTrace Information: 0 : 21964, 1, 2022/01/12, 16:21:26.752, 466555708581, vstest.console.dll, AssemblyResolver.OnResolve: Resolved assembly: Microsoft.VisualStudio.TestPlatform.Extensions.Trx.TestLogger, from path: C:\Program Files\dotnet\sdk\5.0.404\Extensions\Microsoft.VisualStudio.TestPlatform.Extensions.Trx.TestLogger.dll
TpTrace Verbose: 0 : 21964, 1, 2022/01/12, 16:21:26.752, 466555713033, vstest.console.dll, TestPluginCache: Discovered the extensions using extension path ''.
TpTrace Verbose: 0 : 21964, 1, 2022/01/12, 16:21:26.752, 466555713450, vstest.console.dll, TestPluginCache: Discoverers are ''.
TpTrace Verbose: 0 : 21964, 1, 2022/01/12, 16:21:26.752, 466555713655, vstest.console.dll, TestPluginCache: Executors are ''.
TpTrace Verbose: 0 : 21964, 1, 2022/01/12, 16:21:26.752, 466555713822, vstest.console.dll, TestPluginCache: Executors2 are ''.
TpTrace Verbose: 0 : 21964, 1, 2022/01/12, 16:21:26.752, 466555713996, vstest.console.dll, TestPluginCache: Setting providers are ''.
TpTrace Verbose: 0 : 21964, 1, 2022/01/12, 16:21:26.752, 466555714172, vstest.console.dll, TestPluginCache: Loggers are ''.
TpTrace Information: 0 : 21964, 1, 2022/01/12, 16:21:26.756, 466555749145, vstest.console.dll, RunTestsArgumentProcessor:Execute: Test run is starting.
TpTrace Verbose: 0 : 21964, 1, 2022/01/12, 16:21:26.756, 466555749701, vstest.console.dll, RunTestsArgumentProcessor:Execute: Queuing Test run.
TpTrace Information: 0 : 21964, 1, 2022/01/12, 16:21:26.756, 466555750915, vstest.console.dll, TestRequestManager.RunTests: run tests started.
TpTrace Information: 0 : 21964, 1, 2022/01/12, 16:21:26.758, 466555771374, vstest.console.dll, AssemblyMetadataProvider.GetFrameWork: Determined framework:'.NETCoreApp,Version=v3.1' for source: 'C:\Users\pparahyba\source\repos\chaptertestesunitarios.tests\bin\Debug\netcoreapp3.1\fine-code-coverage\build-output\chaptertestesunitarios.tests.dll'
TpTrace Information: 0 : 21964, 1, 2022/01/12, 16:21:26.758, 466555772379, vstest.console.dll, Determined framework for all sources: .NETCoreApp,Version=v3.1
TpTrace Information: 0 : 21964, 1, 2022/01/12, 16:21:26.759, 466555774868, vstest.console.dll, AssemblyMetadataProvider.GetArchitecture: Determined architecture:AnyCPU info for assembly: C:\Users\pparahyba\source\repos\chaptertestesunitarios.tests\bin\Debug\netcoreapp3.1\fine-code-coverage\build-output\chaptertestesunitarios.tests.dll
TpTrace Information: 0 : 21964, 1, 2022/01/12, 16:21:26.760, 466555787943, vstest.console.dll, Determined platform for all sources: X64
TpTrace Information: 0 : 21964, 1, 2022/01/12, 16:21:26.762, 466555806451, vstest.console.dll, Compatible sources list : 
TpTrace Information: 0 : 21964, 1, 2022/01/12, 16:21:26.762, 466555807031, vstest.console.dll, C:\Users\pparahyba\source\repos\chaptertestesunitarios.tests\bin\Debug\netcoreapp3.1\fine-code-coverage\build-output\chaptertestesunitarios.tests.dll
TpTrace Information: 0 : 21964, 1, 2022/01/12, 16:21:26.764, 466555826872, vstest.console.dll, InferRunSettingsHelper.IsTestSettingsEnabled: Unable to navigate to RunSettings/MSTest. Current node: RunSettings
TpTrace Information: 0 : 21964, 1, 2022/01/12, 16:21:26.764, 466555831559, vstest.console.dll, AssemblyResolver.OnResolve: Microsoft.VisualStudio.TestPlatform.Fakes: Resolving assembly.
TpTrace Information: 0 : 21964, 1, 2022/01/12, 16:21:26.764, 466555831969, vstest.console.dll, AssemblyResolver.OnResolve: Microsoft.VisualStudio.TestPlatform.Fakes: Searching in: 'C:\Program Files\dotnet\sdk\5.0.404\Extensions'.
TpTrace Information: 0 : 21964, 1, 2022/01/12, 16:21:26.765, 466555836613, vstest.console.dll, AssemblyResolver.OnResolve: Microsoft.VisualStudio.TestPlatform.Fakes: Assembly path does not exist: 'C:\Program Files\dotnet\sdk\5.0.404\Extensions\Microsoft.VisualStudio.TestPlatform.Fakes.dll', returning.
TpTrace Information: 0 : 21964, 1, 2022/01/12, 16:21:26.765, 466555837151, vstest.console.dll, AssemblyResolver.OnResolve: Microsoft.VisualStudio.TestPlatform.Fakes: Assembly path does not exist: 'C:\Program Files\dotnet\sdk\5.0.404\Extensions\Microsoft.VisualStudio.TestPlatform.Fakes.exe', returning.
TpTrace Information: 0 : 21964, 1, 2022/01/12, 16:21:26.765, 466555837399, vstest.console.dll, AssemblyResolver.OnResolve: Microsoft.VisualStudio.TestPlatform.Fakes: Searching in: 'C:\Program Files\dotnet\sdk\5.0.404'.
TpTrace Information: 0 : 21964, 1, 2022/01/12, 16:21:26.765, 466555837867, vstest.console.dll, AssemblyResolver.OnResolve: Microsoft.VisualStudio.TestPlatform.Fakes: Assembly path does not exist: 'C:\Program Files\dotnet\sdk\5.0.404\Microsoft.VisualStudio.TestPlatform.Fakes.dll', returning.
TpTrace Information: 0 : 21964, 1, 2022/01/12, 16:21:26.765, 466555838277, vstest.console.dll, AssemblyResolver.OnResolve: Microsoft.VisualStudio.TestPlatform.Fakes: Assembly path does not exist: 'C:\Program Files\dotnet\sdk\5.0.404\Microsoft.VisualStudio.TestPlatform.Fakes.exe', returning.
TpTrace Information: 0 : 21964, 1, 2022/01/12, 16:21:26.765, 466555838518, vstest.console.dll, AssemblyResolver.OnResolve: Microsoft.VisualStudio.TestPlatform.Fakes: Failed to load assembly.
TpTrace Information: 0 : 21964, 1, 2022/01/12, 16:21:26.766, 466555846162, vstest.console.dll, Failed to create newly implemented Fakes Configurator. Reason:System.IO.FileNotFoundException: Could not load file or assembly 'Microsoft.VisualStudio.TestPlatform.Fakes, Version=16.0.0.0, Culture=neutral, PublicKeyToken=null'. The system cannot find the file specified.
File name: 'Microsoft.VisualStudio.TestPlatform.Fakes, Version=16.0.0.0, Culture=neutral, PublicKeyToken=null'
   at System.Reflection.RuntimeAssembly.InternalLoad(ObjectHandleOnStack assemblyName, ObjectHandleOnStack requestingAssembly, StackCrawlMarkHandle stackMark, Boolean throwOnFileNotFound, ObjectHandleOnStack assemblyLoadContext, ObjectHandleOnStack retAssembly)
   at System.Reflection.RuntimeAssembly.InternalLoad(AssemblyName assemblyName, RuntimeAssembly requestingAssembly, StackCrawlMark& stackMark, Boolean throwOnFileNotFound, AssemblyLoadContext assemblyLoadContext)
   at System.Reflection.Assembly.Load(AssemblyName assemblyRef)
   at Microsoft.VisualStudio.TestPlatform.Common.Utilities.FakesUtilities.TryGetFakesCrossPlatformDataCollectorConfigurator() 
TpTrace Verbose: 0 : 21964, 1, 2022/01/12, 16:21:26.769, 466555875130, vstest.console.dll, TestPluginCache.DiscoverTestExtensions: finding test extensions in assemblies ends with: TestLogger.dll TPluginInfo: Microsoft.VisualStudio.TestPlatform.Common.ExtensionFramework.Utilities.TestLoggerPluginInformation TExtension: Microsoft.VisualStudio.TestPlatform.ObjectModel.Client.ITestLogger
TpTrace Verbose: 0 : 21964, 1, 2022/01/12, 16:21:26.769, 466555875715, vstest.console.dll, TestPluginCache.GetExtensionPaths: Filtered extension paths: 
TpTrace Verbose: 0 : 21964, 1, 2022/01/12, 16:21:26.769, 466555875959, vstest.console.dll, TestPluginCache.GetExtensionPaths: Added default extension paths: C:\Program Files\dotnet\sdk\5.0.404\Extensions\Microsoft.Diagnostics.NETCore.Client.dll
C:\Program Files\dotnet\sdk\5.0.404\Extensions\Microsoft.TestPlatform.Extensions.BlameDataCollector.dll
C:\Program Files\dotnet\sdk\5.0.404\Extensions\Microsoft.TestPlatform.Extensions.EventLogCollector.dll
C:\Program Files\dotnet\sdk\5.0.404\Extensions\Microsoft.TestPlatform.TestHostRuntimeProvider.dll
C:\Program Files\dotnet\sdk\5.0.404\Extensions\Microsoft.VisualStudio.TestPlatform.Extensions.Html.TestLogger.dll
C:\Program Files\dotnet\sdk\5.0.404\Extensions\Microsoft.VisualStudio.TestPlatform.Extensions.Trx.TestLogger.dll
TpTrace Verbose: 0 : 21964, 1, 2022/01/12, 16:21:26.769, 466555876205, vstest.console.dll, TestPluginCache.GetExtensionPaths: Added unfilterableExtensionPaths: 
TpTrace Information: 0 : 21964, 1, 2022/01/12, 16:21:26.769, 466555877167, vstest.console.dll, AssemblyResolver.AddSearchDirectories: Adding more searchDirectories C:\Program Files\dotnet\sdk\5.0.404\Extensions,C:\Program Files\dotnet\sdk\5.0.404
TpTrace Verbose: 0 : 21964, 1, 2022/01/12, 16:21:26.769, 466555877529, vstest.console.dll, TestPluginCache.DiscoverTestExtensions: Discovering the extensions using extension path.
TpTrace Verbose: 0 : 21964, 1, 2022/01/12, 16:21:26.769, 466555877756, vstest.console.dll, TestPluginCache.GetExtensionPaths: Filtered extension paths: 
TpTrace Verbose: 0 : 21964, 1, 2022/01/12, 16:21:26.769, 466555878022, vstest.console.dll, TestPluginCache.GetExtensionPaths: Added default extension paths: C:\Program Files\dotnet\sdk\5.0.404\Extensions\Microsoft.Diagnostics.NETCore.Client.dll
C:\Program Files\dotnet\sdk\5.0.404\Extensions\Microsoft.TestPlatform.Extensions.BlameDataCollector.dll
C:\Program Files\dotnet\sdk\5.0.404\Extensions\Microsoft.TestPlatform.Extensions.EventLogCollector.dll
C:\Program Files\dotnet\sdk\5.0.404\Extensions\Microsoft.TestPlatform.TestHostRuntimeProvider.dll
C:\Program Files\dotnet\sdk\5.0.404\Extensions\Microsoft.VisualStudio.TestPlatform.Extensions.Html.TestLogger.dll
C:\Program Files\dotnet\sdk\5.0.404\Extensions\Microsoft.VisualStudio.TestPlatform.Extensions.Trx.TestLogger.dll
TpTrace Verbose: 0 : 21964, 1, 2022/01/12, 16:21:26.769, 466555878372, vstest.console.dll, TestPluginCache.GetExtensionPaths: Added unfilterableExtensionPaths: 
TpTrace Verbose: 0 : 21964, 1, 2022/01/12, 16:21:26.769, 466555878634, vstest.console.dll, TestPluginCache.DiscoverTestExtensions: Discovering the extensions using allExtensionPaths: C:\Program Files\dotnet\sdk\5.0.404\Extensions\Microsoft.Diagnostics.NETCore.Client.dll
C:\Program Files\dotnet\sdk\5.0.404\Extensions\Microsoft.TestPlatform.Extensions.BlameDataCollector.dll
C:\Program Files\dotnet\sdk\5.0.404\Extensions\Microsoft.TestPlatform.Extensions.EventLogCollector.dll
C:\Program Files\dotnet\sdk\5.0.404\Extensions\Microsoft.TestPlatform.TestHostRuntimeProvider.dll
C:\Program Files\dotnet\sdk\5.0.404\Extensions\Microsoft.VisualStudio.TestPlatform.Extensions.Html.TestLogger.dll
C:\Program Files\dotnet\sdk\5.0.404\Extensions\Microsoft.VisualStudio.TestPlatform.Extensions.Trx.TestLogger.dll
TpTrace Information: 0 : 21964, 1, 2022/01/12, 16:21:26.769, 466555878929, vstest.console.dll, AssemblyResolver.AddSearchDirectories: Adding more searchDirectories C:\Program Files\dotnet\sdk\5.0.404\Extensions,C:\Program Files\dotnet\sdk\5.0.404
TpTrace Information: 0 : 21964, 1, 2022/01/12, 16:21:26.769, 466555879184, vstest.console.dll, AssemblyResolver.AddSearchDirectories: Adding more searchDirectories C:\Program Files\dotnet\sdk\5.0.404\Extensions,C:\Program Files\dotnet\sdk\5.0.404
TpTrace Information: 0 : 21964, 1, 2022/01/12, 16:21:26.769, 466555879387, vstest.console.dll, AssemblyResolver.AddSearchDirectories: Adding more searchDirectories C:\Program Files\dotnet\sdk\5.0.404\Extensions,C:\Program Files\dotnet\sdk\5.0.404
TpTrace Information: 0 : 21964, 1, 2022/01/12, 16:21:26.769, 466555879584, vstest.console.dll, AssemblyResolver.AddSearchDirectories: Adding more searchDirectories C:\Program Files\dotnet\sdk\5.0.404\Extensions,C:\Program Files\dotnet\sdk\5.0.404
TpTrace Information: 0 : 21964, 1, 2022/01/12, 16:21:26.769, 466555879811, vstest.console.dll, AssemblyResolver.AddSearchDirectories: Adding more searchDirectories C:\Program Files\dotnet\sdk\5.0.404\Extensions,C:\Program Files\dotnet\sdk\5.0.404
TpTrace Information: 0 : 21964, 1, 2022/01/12, 16:21:26.769, 466555880010, vstest.console.dll, AssemblyResolver.AddSearchDirectories: Adding more searchDirectories C:\Program Files\dotnet\sdk\5.0.404\Extensions,C:\Program Files\dotnet\sdk\5.0.404
TpTrace Information: 0 : 21964, 1, 2022/01/12, 16:21:26.769, 466555881696, vstest.console.dll, AssemblyResolver.OnResolve: Microsoft.Bcl.AsyncInterfaces: Resolving assembly.
TpTrace Information: 0 : 21964, 1, 2022/01/12, 16:21:26.769, 466555881998, vstest.console.dll, AssemblyResolver.OnResolve: Microsoft.Bcl.AsyncInterfaces: Resolved from cache.
TpTrace Verbose: 0 : 21964, 1, 2022/01/12, 16:21:26.769, 466555882222, vstest.console.dll, CurrentDomainAssemblyResolve: Resolving assembly 'Microsoft.Bcl.AsyncInterfaces'.
TpTrace Information: 0 : 21964, 1, 2022/01/12, 16:21:26.769, 466555882617, vstest.console.dll, AssemblyResolver.OnResolve: Microsoft.Bcl.AsyncInterfaces: Resolving assembly.
TpTrace Information: 0 : 21964, 1, 2022/01/12, 16:21:26.769, 466555882829, vstest.console.dll, AssemblyResolver.OnResolve: Microsoft.Bcl.AsyncInterfaces: Resolved from cache.
TpTrace Verbose: 0 : 21964, 1, 2022/01/12, 16:21:26.769, 466555883044, vstest.console.dll, CurrentDomainAssemblyResolve: Resolving assembly 'Microsoft.Bcl.AsyncInterfaces'.
TpTrace Verbose: 0 : 21964, 1, 2022/01/12, 16:21:26.769, 466555883244, vstest.console.dll, CurrentDomainAssemblyResolve: Failed to resolve assembly 'Microsoft.Bcl.AsyncInterfaces'.
TpTrace Verbose: 0 : 21964, 1, 2022/01/12, 16:21:26.770, 466555885221, vstest.console.dll, CurrentDomainAssemblyResolve: Failed to resolve assembly 'Microsoft.Bcl.AsyncInterfaces'.
TpTrace Warning: 0 : 21964, 1, 2022/01/12, 16:21:26.770, 466555889713, vstest.console.dll, TestPluginDiscoverer: Failed to get types from assembly 'Microsoft.Diagnostics.NETCore.Client, Version=0.2.2.41902, Culture=neutral, PublicKeyToken=31bf3856ad364e35'.  Skipping test extension scan for this assembly.  Error: System.Reflection.ReflectionTypeLoadException: Unable to load one or more of the requested types.
Could not load file or assembly 'Microsoft.Bcl.AsyncInterfaces, Version=1.0.0.0, Culture=neutral, PublicKeyToken=cc7b13ffcd2ddd51'. The system cannot find the file specified.
   at System.Reflection.RuntimeModule.GetTypes(RuntimeModule module)
   at System.Reflection.RuntimeModule.GetTypes()
   at System.Reflection.Assembly.GetTypes()
   at Microsoft.VisualStudio.TestPlatform.Common.ExtensionFramework.TestPluginDiscoverer.GetTestExtensionsFromAssembly[TPluginInfo,TExtension](Assembly assembly, Dictionary`2 pluginInfos)
System.IO.FileNotFoundException: Could not load file or assembly 'Microsoft.Bcl.AsyncInterfaces, Version=1.0.0.0, Culture=neutral, PublicKeyToken=cc7b13ffcd2ddd51'. The system cannot find the file specified.
File name: 'Microsoft.Bcl.AsyncInterfaces, Version=1.0.0.0, Culture=neutral, PublicKeyToken=cc7b13ffcd2ddd51'
TpTrace Warning: 0 : 21964, 1, 2022/01/12, 16:21:26.770, 466555890277, vstest.console.dll, LoaderExceptions: System.IO.FileNotFoundException: Could not load file or assembly 'Microsoft.Bcl.AsyncInterfaces, Version=1.0.0.0, Culture=neutral, PublicKeyToken=cc7b13ffcd2ddd51'. The system cannot find the file specified.
File name: 'Microsoft.Bcl.AsyncInterfaces, Version=1.0.0.0, Culture=neutral, PublicKeyToken=cc7b13ffcd2ddd51'
TpTrace Verbose: 0 : 21964, 1, 2022/01/12, 16:21:26.770, 466555894023, vstest.console.dll, TestPluginCache: Discovered the extensions using extension path ''.
TpTrace Verbose: 0 : 21964, 1, 2022/01/12, 16:21:26.771, 466555894384, vstest.console.dll, TestPluginCache: Discoverers are ''.
TpTrace Verbose: 0 : 21964, 1, 2022/01/12, 16:21:26.771, 466555894569, vstest.console.dll, TestPluginCache: Executors are ''.
TpTrace Verbose: 0 : 21964, 1, 2022/01/12, 16:21:26.771, 466555894756, vstest.console.dll, TestPluginCache: Executors2 are ''.
TpTrace Verbose: 0 : 21964, 1, 2022/01/12, 16:21:26.771, 466555894923, vstest.console.dll, TestPluginCache: Setting providers are ''.
TpTrace Verbose: 0 : 21964, 1, 2022/01/12, 16:21:26.771, 466555895403, vstest.console.dll, TestPluginCache: Loggers are 'logger://Microsoft/TestPlatform/Extensions/Blame/v1,logger://Microsoft/TestPlatform/HtmlLogger/v1,logger://Microsoft/TestPlatform/TrxLogger/v1'.
TpTrace Information: 0 : 21964, 1, 2022/01/12, 16:21:26.771, 466555899985, vstest.console.dll, TestPluginManager.CreateTestExtension: Attempting to load test extension: Microsoft.TestPlatform.Extensions.BlameDataCollector.BlameLogger
TpTrace Information: 0 : 21964, 1, 2022/01/12, 16:21:26.777, 466555962080, vstest.console.dll, TestPluginManager.CreateTestExtension: Attempting to load test extension: Microsoft.VisualStudio.TestPlatform.CrossPlatEngine.Hosting.DefaultTestHostManager
TpTrace Information: 0 : 21964, 1, 2022/01/12, 16:21:26.777, 466555964140, vstest.console.dll, TestPluginManager.CreateTestExtension: Attempting to load test extension: Microsoft.VisualStudio.TestPlatform.CrossPlatEngine.Hosting.DotnetTestHostManager
TpTrace Verbose: 0 : 21964, 1, 2022/01/12, 16:21:26.778, 466555967706, vstest.console.dll, TestEngine: Initializing Parallel Execution as MaxCpuCount is set to: 1
TpTrace Information: 0 : 21964, 1, 2022/01/12, 16:21:26.778, 466555971978, vstest.console.dll, InferRunSettingsHelper.IsTestSettingsEnabled: Unable to navigate to RunSettings/MSTest. Current node: RunSettings
TpTrace Verbose: 0 : 21964, 1, 2022/01/12, 16:21:26.795, 466556140602, vstest.console.dll, TestRequestSender is acting as server
TpTrace Verbose: 0 : 21964, 4, 2022/01/12, 16:21:26.798, 466556167097, vstest.console.dll, DataCollectionRequestSender.InitializeCommunication : Initialize communication. 
TpTrace Information: 0 : 21964, 4, 2022/01/12, 16:21:26.805, 466556242736, vstest.console.dll, Listening on Endpoint : 127.0.0.1:55125
TpTrace Verbose: 0 : 21964, 4, 2022/01/12, 16:21:26.813, 466556322536, vstest.console.dll, DotnetDataCollectionLauncher: Full path of dotnet.exe is C:\Program Files\dotnet\dotnet.exe
TpTrace Verbose: 0 : 21964, 4, 2022/01/12, 16:21:26.813, 466556324003, vstest.console.dll, DotnetDataCollectionLauncher: Adding  --runtimeconfig "C:\Program Files\dotnet\sdk\5.0.404\datacollector.runtimeconfig.json" in args
TpTrace Verbose: 0 : 21964, 4, 2022/01/12, 16:21:26.814, 466556324842, vstest.console.dll, DotnetDataCollectionLauncher: Adding  --depsfile "C:\Program Files\dotnet\sdk\5.0.404\datacollector.deps.json" in args
TpTrace Information: 0 : 21964, 4, 2022/01/12, 16:21:26.819, 466556384341, vstest.console.dll, ProxyDataCollectionManager.Initialize: Launched datacollector processId: 24780 port: 55125
TpTrace Information: 0 : 21964, 4, 2022/01/12, 16:21:26.820, 466556385903, vstest.console.dll, ProxyDataCollectionManager.Initialize: waiting for connection with timeout: 90 seconds
TpTrace Verbose: 0 : 21964, 4, 2022/01/12, 16:21:26.820, 466556386900, vstest.console.dll, DataCollectionRequestSender.WaitForRequestHandlerConnection : Waiting for connection with timeout: 90000
TpTrace Information: 0 : 21964, 7, 2022/01/12, 16:21:26.937, 466557554659, vstest.console.dll, Using the buffer size of 16384 bytes
TpTrace Verbose: 0 : 21964, 4, 2022/01/12, 16:21:26.937, 466557555039, vstest.console.dll, ProxyDataCollectionManager.InvokeDataCollectionServiceAction: Starting.
TpTrace Information: 0 : 21964, 4, 2022/01/12, 16:21:26.937, 466557555872, vstest.console.dll, ProxyDataCollectionManager.BeforeTestRunStart: Get environment variable and port for datacollector processId: 24780 port: 55125
TpTrace Information: 0 : 21964, 7, 2022/01/12, 16:21:26.937, 466557555900, vstest.console.dll, Accepted Client request and set the flag
TpTrace Verbose: 0 : 21964, 4, 2022/01/12, 16:21:26.937, 466557556650, vstest.console.dll, DataCollectionRequestSender.SendBeforeTestRunStartAndGetResult : Send BeforeTestRunStart message with settingsXml <RunSettings><RunConfiguration><ResultsDirectory>C:\Users\pparahyba\source\repos\chaptertestesunitarios.tests\bin\Debug\netcoreapp3.1\fine-code-coverage\coverage-tool-output</ResultsDirectory><TargetPlatform>X64</TargetPlatform><TargetFrameworkVersion>.NETCoreApp,Version=v3.1</TargetFrameworkVersion><DesignMode>False</DesignMode><CollectSourceInformation>False</CollectSourceInformation><TestAdaptersPaths>C:\Program Files\dotnet\sdk\5.0.404\Extensions</TestAdaptersPaths></RunConfiguration><LoggerRunSettings><Loggers><Logger friendlyName="blame" enabled="True" /><Logger friendlyName="Console" uri="logger://microsoft/TestPlatform/ConsoleLogger/v1" assemblyQualifiedName="Microsoft.VisualStudio.TestPlatform.CommandLine.Internal.ConsoleLogger, vstest.console, Version=15.0.0.0, Culture=neutral, PublicKeyToken=b03f5f7f11d50a3a" codeBase="C:\Program Files\dotnet\sdk\5.0.404\vstest.console.dll" enabled="True" /></Loggers></LoggerRunSettings><DataCollectionRunSettings><DataCollectors><DataCollector friendlyName="blame" enabled="True"><Configuration><ResultsDirectory>C:\Users\pparahyba\source\repos\chaptertestesunitarios.tests\bin\Debug\netcoreapp3.1\fine-code-coverage\coverage-tool-output</ResultsDirectory></Configuration></DataCollector></DataCollectors></DataCollectionRunSettings></RunSettings> and sources System.Linq.Enumerable+Concat2Iterator`1[System.String]: 
TpTrace Verbose: 0 : 21964, 4, 2022/01/12, 16:21:26.994, 466558125521, vstest.console.dll, DataCollectionRequestSender.SendBeforeTestRunStartAndGetResult : Received message: (DataCollection.SendMessage) -> {
  "FriendlyName": null,
  "Uri": null,
  "TestCaseId": "00000000-0000-0000-0000-000000000000",
  "Message": "Logging DataCollector Diagnostics in file: C:\\Users\\pparahyba\\source\\repos\\chaptertestesunitarios.tests\\bin\\Debug\\netcoreapp3.1\\fine-code-coverage\\coverage-tool-output\\diagnostics.datacollector.22-01-12_16-21-26_81044_4.log",
  "Level": 0
}
TpTrace Verbose: 0 : 21964, 4, 2022/01/12, 16:21:27.043, 466558623898, vstest.console.dll, DataCollectionRequestSender.SendBeforeTestRunStartAndGetResult : Received message: (DataCollection.BeforeTestRunStartResult) -> {
  "EnvironmentVariables": {},
  "DataCollectionEventsPort": 55127
}
TpTrace Information: 0 : 21964, 4, 2022/01/12, 16:21:27.046, 466558651816, vstest.console.dll, ProxyDataCollectionManager.BeforeTestRunStart: SendBeforeTestRunStartAndGetResult successful, env variable from datacollector:   and testhost port: 55127
TpTrace Information: 0 : 21964, 4, 2022/01/12, 16:21:27.046, 466558652570, vstest.console.dll, ProxyDataCollectionManager.InvokeDataCollectionServiceAction: Completed.
TpTrace Verbose: 0 : 21964, 1, 2022/01/12, 16:21:27.046, 466558653806, vstest.console.dll, TestRunRequest.ExecuteAsync: Creating test run request.
TpTrace Verbose: 0 : 21964, 1, 2022/01/12, 16:21:27.047, 466558656003, vstest.console.dll, TestRunRequest.ExecuteAsync: Starting.
TpTrace Information: 0 : 21964, 1, 2022/01/12, 16:21:27.047, 466558658070, vstest.console.dll, TestRunRequest.ExecuteAsync: Starting run with settings:TestRunCriteria:
   KeepAlive=False,FrequencyOfRunStatsChangeEvent=10,RunStatsChangeEventTimeout=00:00:01.5000000,TestCaseFilter=,TestExecutorLauncher=
   Settingsxml=<RunSettings>
  <RunConfiguration>
    <ResultsDirectory>C:\Users\pparahyba\source\repos\chaptertestesunitarios.tests\bin\Debug\netcoreapp3.1\fine-code-coverage\coverage-tool-output</ResultsDirectory>
    <TargetPlatform>X64</TargetPlatform>
    <TargetFrameworkVersion>.NETCoreApp,Version=v3.1</TargetFrameworkVersion>
    <DesignMode>False</DesignMode>
    <CollectSourceInformation>False</CollectSourceInformation>
  </RunConfiguration>
  <LoggerRunSettings>
    <Loggers>
      <Logger friendlyName="blame" enabled="True" />
      <Logger friendlyName="Console" uri="logger://microsoft/TestPlatform/ConsoleLogger/v1" assemblyQualifiedName="Microsoft.VisualStudio.TestPlatform.CommandLine.Internal.ConsoleLogger, vstest.console, Version=15.0.0.0, Culture=neutral, PublicKeyToken=b03f5f7f11d50a3a" codeBase="C:\Program Files\dotnet\sdk\5.0.404\vstest.console.dll" enabled="True" />
    </Loggers>
  </LoggerRunSettings>
  <DataCollectionRunSettings>
    <DataCollectors>
      <DataCollector friendlyName="blame" enabled="True">
        <Configuration>
          <ResultsDirectory>C:\Users\pparahyba\source\repos\chaptertestesunitarios.tests\bin\Debug\netcoreapp3.1\fine-code-coverage\coverage-tool-output</ResultsDirectory>
        </Configuration>
      </DataCollector>
    </DataCollectors>
  </DataCollectionRunSettings>
</RunSettings>

TpTrace Verbose: 0 : 21964, 1, 2022/01/12, 16:21:27.047, 466558658447, vstest.console.dll, TestRunRequest.ExecuteAsync: Wait for the first run request is over.
TpTrace Verbose: 0 : 21964, 1, 2022/01/12, 16:21:27.047, 466558661359, vstest.console.dll, ParallelProxyExecutionManager: Start execution. Total sources: 1
TpTrace Information: 0 : 21964, 1, 2022/01/12, 16:21:27.048, 466558666105, vstest.console.dll, ProxyParallelExecutionManager: Triggering test run for next source: C:\Users\pparahyba\source\repos\chaptertestesunitarios.tests\bin\Debug\netcoreapp3.1\fine-code-coverage\build-output\chaptertestesunitarios.tests.dll
TpTrace Verbose: 0 : 21964, 1, 2022/01/12, 16:21:27.048, 466558667417, vstest.console.dll, ProxyParallelExecutionManager: No sources available for execution.
TpTrace Information: 0 : 21964, 1, 2022/01/12, 16:21:27.048, 466558667797, vstest.console.dll, TestRunRequest.ExecuteAsync: Started.
TpTrace Verbose: 0 : 21964, 4, 2022/01/12, 16:21:27.048, 466558667443, vstest.console.dll, ParallelProxyExecutionManager: Execution started. Started clients: 1
TpTrace Verbose: 0 : 21964, 1, 2022/01/12, 16:21:27.048, 466558668280, vstest.console.dll, TestRunRequest.WaitForCompletion: Waiting with timeout -1.
TpTrace Verbose: 0 : 21964, 4, 2022/01/12, 16:21:27.048, 466558670012, vstest.console.dll, TestRunRequest:SendTestRunMessage: Starting.
TpTrace Information: 0 : 21964, 4, 2022/01/12, 16:21:27.048, 466558670728, vstest.console.dll, TestRunRequest:SendTestRunMessage: Completed.
TpTrace Verbose: 0 : 21964, 4, 2022/01/12, 16:21:27.048, 466558672084, vstest.console.dll, ProxyExecutionManager: Test host is always Lazy initialize.
TpTrace Verbose: 0 : 21964, 4, 2022/01/12, 16:21:27.048, 466558673801, vstest.console.dll, TestRequestSender.InitializeCommunication: initialize communication. 
TpTrace Information: 0 : 21964, 4, 2022/01/12, 16:21:27.049, 466558677214, vstest.console.dll, SocketServer.Start: Listening on endpoint : 127.0.0.1:55128
TpTrace Verbose: 0 : 21964, 4, 2022/01/12, 16:21:27.049, 466558682675, vstest.console.dll, DotnetTestHostmanager: Adding  --runtimeconfig "C:\Users\pparahyba\source\repos\chaptertestesunitarios.tests\bin\Debug\netcoreapp3.1\fine-code-coverage\build-output\chaptertestesunitarios.tests.runtimeconfig.json" in args
TpTrace Verbose: 0 : 21964, 4, 2022/01/12, 16:21:27.049, 466558683743, vstest.console.dll, DotnetTestHostmanager: Adding  --depsfile "C:\Users\pparahyba\source\repos\chaptertestesunitarios.tests\bin\Debug\netcoreapp3.1\fine-code-coverage\build-output\chaptertestesunitarios.tests.deps.json" in args
TpTrace Information: 0 : 21964, 4, 2022/01/12, 16:21:27.050, 466558685795, vstest.console.dll, AssemblyResolver.OnResolve: Microsoft.Extensions.DependencyModel: Resolving assembly.
TpTrace Information: 0 : 21964, 4, 2022/01/12, 16:21:27.050, 466558686206, vstest.console.dll, AssemblyResolver.OnResolve: Microsoft.Extensions.DependencyModel: Searching in: 'C:\Program Files\dotnet\sdk\5.0.404\Extensions'.
TpTrace Information: 0 : 21964, 4, 2022/01/12, 16:21:27.050, 466558686717, vstest.console.dll, AssemblyResolver.OnResolve: Microsoft.Extensions.DependencyModel: Assembly path does not exist: 'C:\Program Files\dotnet\sdk\5.0.404\Extensions\Microsoft.Extensions.DependencyModel.dll', returning.
TpTrace Information: 0 : 21964, 4, 2022/01/12, 16:21:27.050, 466558687169, vstest.console.dll, AssemblyResolver.OnResolve: Microsoft.Extensions.DependencyModel: Assembly path does not exist: 'C:\Program Files\dotnet\sdk\5.0.404\Extensions\Microsoft.Extensions.DependencyModel.exe', returning.
TpTrace Information: 0 : 21964, 4, 2022/01/12, 16:21:27.050, 466558687427, vstest.console.dll, AssemblyResolver.OnResolve: Microsoft.Extensions.DependencyModel: Searching in: 'C:\Program Files\dotnet\sdk\5.0.404'.
TpTrace Information: 0 : 21964, 4, 2022/01/12, 16:21:27.051, 466558697747, vstest.console.dll, AssemblyResolver.OnResolve: Microsoft.Extensions.DependencyModel: Loading assembly 'C:\Program Files\dotnet\sdk\5.0.404\Microsoft.Extensions.DependencyModel.dll'.
TpTrace Information: 0 : 21964, 4, 2022/01/12, 16:21:27.052, 466558705191, vstest.console.dll, AssemblyResolver.OnResolve: Resolved assembly: Microsoft.Extensions.DependencyModel, from path: C:\Program Files\dotnet\sdk\5.0.404\Microsoft.Extensions.DependencyModel.dll
TpTrace Verbose: 0 : 21964, 4, 2022/01/12, 16:21:27.052, 466558708660, vstest.console.dll, DotnetTestHostmanager: Reading file C:\Users\pparahyba\source\repos\chaptertestesunitarios.tests\bin\Debug\netcoreapp3.1\fine-code-coverage\build-output\chaptertestesunitarios.tests.deps.json to get path of testhost.dll
TpTrace Verbose: 0 : 21964, 4, 2022/01/12, 16:21:27.072, 466558909576, vstest.console.dll, DotnetTestHostmanager: Relative path of testhost.dll with respect to package folder is microsoft.testplatform.testhost/16.5.0\lib/netcoreapp2.1/testhost.dll
TpTrace Verbose: 0 : 21964, 4, 2022/01/12, 16:21:27.073, 466558915036, vstest.console.dll, DotnetTestHostmanager: Looking for path microsoft.testplatform.testhost/16.5.0\lib/netcoreapp2.1/testhost.dll in folder C:\Users\pparahyba\.dotnet\store\|arch|\|tfm|
TpTrace Verbose: 0 : 21964, 4, 2022/01/12, 16:21:27.073, 466558915893, vstest.console.dll, DotnetTestHostmanager: Looking for path microsoft.testplatform.testhost/16.5.0\lib/netcoreapp2.1/testhost.dll in folder C:\Users\pparahyba\.nuget\packages
TpTrace Verbose: 0 : 21964, 4, 2022/01/12, 16:21:27.073, 466558917308, vstest.console.dll, DotnetTestHostManager: Testhost.exe/testhost.x86.exe found at path: C:\Users\pparahyba\.nuget\packages\microsoft.testplatform.testhost\16.5.0\build\netcoreapp2.1\x64\testhost.exe
TpTrace Verbose: 0 : 21964, 4, 2022/01/12, 16:21:27.073, 466558917639, vstest.console.dll, DotnetTestHostmanager: Full path of host exe is C:\Users\pparahyba\.nuget\packages\microsoft.testplatform.testhost\16.5.0\build\netcoreapp2.1\x64\testhost.exe
TpTrace Verbose: 0 : 21964, 6, 2022/01/12, 16:21:27.074, 466558924431, vstest.console.dll, DotnetTestHostManager: Starting process 'C:\Users\pparahyba\.nuget\packages\microsoft.testplatform.testhost\16.5.0\build\netcoreapp2.1\x64\testhost.exe' with command line ' --runtimeconfig "C:\Users\pparahyba\source\repos\chaptertestesunitarios.tests\bin\Debug\netcoreapp3.1\fine-code-coverage\build-output\chaptertestesunitarios.tests.runtimeconfig.json" --depsfile "C:\Users\pparahyba\source\repos\chaptertestesunitarios.tests\bin\Debug\netcoreapp3.1\fine-code-coverage\build-output\chaptertestesunitarios.tests.deps.json" --port 55128 --endpoint 127.0.0.1:055128 --role client --parentprocessid 21964 --diag "C:\Users\pparahyba\source\repos\chaptertestesunitarios.tests\bin\Debug\netcoreapp3.1\fine-code-coverage\coverage-tool-output\diagnostics.host.22-01-12_16-21-27_04949_4.log" --tracelevel 4 --datacollectionport 55127 --telemetryoptedin false'
TpTrace Verbose: 0 : 21964, 6, 2022/01/12, 16:21:27.076, 466558954249, vstest.console.dll, Test Runtime launched
TpTrace Verbose: 0 : 21964, 4, 2022/01/12, 16:21:27.077, 466558959440, vstest.console.dll, TestRequestSender.WaitForRequestHandlerConnection: waiting for connection with timeout: 90000
TpTrace Verbose: 0 : 21964, 6, 2022/01/12, 16:21:27.198, 466560173643, vstest.console.dll, SocketServer.OnClientConnected: Client connected for endPoint: 127.0.0.1:55128, starting MessageLoopAsync:
TpTrace Verbose: 0 : 21964, 14, 2022/01/12, 16:21:27.199, 466560175624, vstest.console.dll, TcpClientExtensions.MessageLoopAsync: Polling on remoteEndPoint: 127.0.0.1:55129 localEndPoint: 127.0.0.1:55128
TpTrace Verbose: 0 : 21964, 14, 2022/01/12, 16:21:27.314, 466561334321, vstest.console.dll, TcpClientExtensions.MessageLoopAsync: NotifyDataAvailable remoteEndPoint: 127.0.0.1:55129 localEndPoint: 127.0.0.1:55128
TpTrace Verbose: 0 : 21964, 14, 2022/01/12, 16:21:27.315, 466561337397, vstest.console.dll, TestRequestSender.CheckVersionWithTestHost: onMessageReceived received message: (ProtocolVersion) -> 2
TpTrace Verbose: 0 : 21964, 14, 2022/01/12, 16:21:27.315, 466561341652, vstest.console.dll, TcpClientExtensions.MessageLoopAsync: Polling on remoteEndPoint: 127.0.0.1:55129 localEndPoint: 127.0.0.1:55128
TpTrace Verbose: 0 : 21964, 4, 2022/01/12, 16:21:27.315, 466561342623, vstest.console.dll, TestPluginCache.GetExtensionPaths: Filtered extension paths: 
TpTrace Verbose: 0 : 21964, 4, 2022/01/12, 16:21:27.315, 466561343015, vstest.console.dll, TestPluginCache.GetExtensionPaths: Added default extension paths: C:\Program Files\dotnet\sdk\5.0.404\Extensions\Microsoft.Diagnostics.NETCore.Client.dll
C:\Program Files\dotnet\sdk\5.0.404\Extensions\Microsoft.TestPlatform.Extensions.BlameDataCollector.dll
C:\Program Files\dotnet\sdk\5.0.404\Extensions\Microsoft.TestPlatform.Extensions.EventLogCollector.dll
C:\Program Files\dotnet\sdk\5.0.404\Extensions\Microsoft.TestPlatform.TestHostRuntimeProvider.dll
C:\Program Files\dotnet\sdk\5.0.404\Extensions\Microsoft.VisualStudio.TestPlatform.Extensions.Html.TestLogger.dll
C:\Program Files\dotnet\sdk\5.0.404\Extensions\Microsoft.VisualStudio.TestPlatform.Extensions.Trx.TestLogger.dll
TpTrace Verbose: 0 : 21964, 4, 2022/01/12, 16:21:27.315, 466561343305, vstest.console.dll, TestPluginCache.GetExtensionPaths: Added unfilterableExtensionPaths: 
TpTrace Verbose: 0 : 21964, 4, 2022/01/12, 16:21:27.318, 466561368973, vstest.console.dll, TestRequestSender.InitializeExecution: Sending initializing execution with message: {"Version":2,"MessageType":"TestExecution.Initialize","Payload":["C:\\Users\\pparahyba\\source\\repos\\chaptertestesunitarios.tests\\bin\\Debug\\netcoreapp3.1\\fine-code-coverage\\build-output\\xunit.runner.visualstudio.dotnetcore.testadapter.dll"]}
TpTrace Verbose: 0 : 21964, 14, 2022/01/12, 16:21:27.324, 466561431568, vstest.console.dll, TcpClientExtensions.MessageLoopAsync: NotifyDataAvailable remoteEndPoint: 127.0.0.1:55129 localEndPoint: 127.0.0.1:55128
TpTrace Verbose: 0 : 21964, 14, 2022/01/12, 16:21:27.324, 466561433023, vstest.console.dll, TestRequestSender.OnExecutionMessageReceived: Received message: {"Version":2,"MessageType":"TestSession.Message","Payload":{"MessageLevel":0,"Message":"Logging TestHost Diagnostics in file: C:\\Users\\pparahyba\\source\\repos\\chaptertestesunitarios.tests\\bin\\Debug\\netcoreapp3.1\\fine-code-coverage\\coverage-tool-output\\diagnostics.host.22-01-12_16-21-27_04949_4.log"}}
TpTrace Verbose: 0 : 21964, 14, 2022/01/12, 16:21:27.326, 466561449699, vstest.console.dll, TestRunRequest:SendTestRunMessage: Starting.
TpTrace Information: 0 : 21964, 14, 2022/01/12, 16:21:27.326, 466561450805, vstest.console.dll, TestRunRequest:SendTestRunMessage: Completed.
TpTrace Verbose: 0 : 21964, 14, 2022/01/12, 16:21:27.326, 466561451079, vstest.console.dll, TcpClientExtensions.MessageLoopAsync: Polling on remoteEndPoint: 127.0.0.1:55129 localEndPoint: 127.0.0.1:55128
TpTrace Verbose: 0 : 21964, 4, 2022/01/12, 16:21:27.327, 466561458394, vstest.console.dll, TestRequestSender.StartTestRun: Sending test run with message: {"Version":2,"MessageType":"TestExecution.StartWithSources","Payload":{"AdapterSourceMap":{"_none_":["C:\\Users\\pparahyba\\source\\repos\\chaptertestesunitarios.tests\\bin\\Debug\\netcoreapp3.1\\fine-code-coverage\\build-output\\chaptertestesunitarios.tests.dll"]},"RunSettings":"<RunSettings>\r\n  <RunConfiguration>\r\n    <ResultsDirectory>C:\\Users\\pparahyba\\source\\repos\\chaptertestesunitarios.tests\\bin\\Debug\\netcoreapp3.1\\fine-code-coverage\\coverage-tool-output</ResultsDirectory>\r\n    <TargetPlatform>X64</TargetPlatform>\r\n    <TargetFrameworkVersion>.NETCoreApp,Version=v3.1</TargetFrameworkVersion>\r\n    <DesignMode>False</DesignMode>\r\n    <CollectSourceInformation>False</CollectSourceInformation>\r\n  </RunConfiguration>\r\n  <LoggerRunSettings>\r\n    <Loggers>\r\n      <Logger friendlyName=\"blame\" enabled=\"True\" />\r\n      <Logger friendlyName=\"Console\" uri=\"logger://microsoft/TestPlatform/ConsoleLogger/v1\" assemblyQualifiedName=\"Microsoft.VisualStudio.TestPlatform.CommandLine.Internal.ConsoleLogger, vstest.console, Version=15.0.0.0, Culture=neutral, PublicKeyToken=b03f5f7f11d50a3a\" codeBase=\"C:\\Program Files\\dotnet\\sdk\\5.0.404\\vstest.console.dll\" enabled=\"True\" />\r\n    </Loggers>\r\n  </LoggerRunSettings>\r\n  <DataCollectionRunSettings>\r\n    <DataCollectors>\r\n      <DataCollector friendlyName=\"blame\" enabled=\"True\">\r\n        <Configuration>\r\n          <ResultsDirectory>C:\\Users\\pparahyba\\source\\repos\\chaptertestesunitarios.tests\\bin\\Debug\\netcoreapp3.1\\fine-code-coverage\\coverage-tool-output</ResultsDirectory>\r\n        </Configuration>\r\n      </DataCollector>\r\n    </DataCollectors>\r\n  </DataCollectionRunSettings>\r\n</RunSettings>","TestExecutionContext":{"FrequencyOfRunStatsChangeEvent":10,"RunStatsChangeEventTimeout":"00:00:01.5000000","InIsolation":false,"KeepAlive":false,"AreTestCaseLevelEventsRequired":false,"IsDebug":false,"TestCaseFilter":null,"FilterOptions":null},"Package":null}}
TpTrace Verbose: 0 : 21964, 14, 2022/01/12, 16:21:27.440, 466562589115, vstest.console.dll, TcpClientExtensions.MessageLoopAsync: NotifyDataAvailable remoteEndPoint: 127.0.0.1:55129 localEndPoint: 127.0.0.1:55128
TpTrace Verbose: 0 : 21964, 14, 2022/01/12, 16:21:27.440, 466562590304, vstest.console.dll, TestRequestSender.OnExecutionMessageReceived: Received message: {"Version":2,"MessageType":"TestSession.Message","Payload":{"MessageLevel":0,"Message":"[xUnit.net 00:00:00.00] xUnit.net VSTest Adapter v2.4.0 (64-bit .NET Core 3.1.22)"}}
TpTrace Verbose: 0 : 21964, 14, 2022/01/12, 16:21:27.440, 466562592052, vstest.console.dll, TestRunRequest:SendTestRunMessage: Starting.
TpTrace Information: 0 : 21964, 14, 2022/01/12, 16:21:27.440, 466562592833, vstest.console.dll, TestRunRequest:SendTestRunMessage: Completed.
TpTrace Verbose: 0 : 21964, 14, 2022/01/12, 16:21:27.440, 466562593063, vstest.console.dll, TcpClientExtensions.MessageLoopAsync: Polling on remoteEndPoint: 127.0.0.1:55129 localEndPoint: 127.0.0.1:55128
TpTrace Verbose: 0 : 21964, 14, 2022/01/12, 16:21:27.734, 466565528269, vstest.console.dll, TcpClientExtensions.MessageLoopAsync: NotifyDataAvailable remoteEndPoint: 127.0.0.1:55129 localEndPoint: 127.0.0.1:55128
TpTrace Verbose: 0 : 21964, 14, 2022/01/12, 16:21:27.734, 466565529938, vstest.console.dll, TestRequestSender.OnExecutionMessageReceived: Received message: {"Version":2,"MessageType":"TestSession.Message","Payload":{"MessageLevel":0,"Message":"[xUnit.net 00:00:00.29]   Discovering: chaptertestesunitarios.tests"}}
TpTrace Verbose: 0 : 21964, 14, 2022/01/12, 16:21:27.734, 466565531497, vstest.console.dll, TestRunRequest:SendTestRunMessage: Starting.
TpTrace Information: 0 : 21964, 14, 2022/01/12, 16:21:27.734, 466565531924, vstest.console.dll, TestRunRequest:SendTestRunMessage: Completed.
TpTrace Verbose: 0 : 21964, 14, 2022/01/12, 16:21:27.734, 466565532177, vstest.console.dll, TcpClientExtensions.MessageLoopAsync: Polling on remoteEndPoint: 127.0.0.1:55129 localEndPoint: 127.0.0.1:55128
TpTrace Verbose: 0 : 21964, 14, 2022/01/12, 16:21:27.760, 466565790295, vstest.console.dll, TcpClientExtensions.MessageLoopAsync: NotifyDataAvailable remoteEndPoint: 127.0.0.1:55129 localEndPoint: 127.0.0.1:55128
TpTrace Verbose: 0 : 21964, 14, 2022/01/12, 16:21:27.760, 466565791356, vstest.console.dll, TestRequestSender.OnExecutionMessageReceived: Received message: {"Version":2,"MessageType":"TestSession.Message","Payload":{"MessageLevel":0,"Message":"[xUnit.net 00:00:00.32]   Discovered:  chaptertestesunitarios.tests"}}
TpTrace Verbose: 0 : 21964, 14, 2022/01/12, 16:21:27.760, 466565792922, vstest.console.dll, TestRunRequest:SendTestRunMessage: Starting.
TpTrace Information: 0 : 21964, 14, 2022/01/12, 16:21:27.760, 466565793347, vstest.console.dll, TestRunRequest:SendTestRunMessage: Completed.
TpTrace Verbose: 0 : 21964, 14, 2022/01/12, 16:21:27.760, 466565793601, vstest.console.dll, TcpClientExtensions.MessageLoopAsync: Polling on remoteEndPoint: 127.0.0.1:55129 localEndPoint: 127.0.0.1:55128
TpTrace Verbose: 0 : 21964, 14, 2022/01/12, 16:21:27.762, 466565807383, vstest.console.dll, TcpClientExtensions.MessageLoopAsync: NotifyDataAvailable remoteEndPoint: 127.0.0.1:55129 localEndPoint: 127.0.0.1:55128
TpTrace Verbose: 0 : 21964, 14, 2022/01/12, 16:21:27.762, 466565808167, vstest.console.dll, TestRequestSender.OnExecutionMessageReceived: Received message: {"Version":2,"MessageType":"TestSession.Message","Payload":{"MessageLevel":0,"Message":"[xUnit.net 00:00:00.32]   Starting:    chaptertestesunitarios.tests"}}
TpTrace Verbose: 0 : 21964, 14, 2022/01/12, 16:21:27.762, 466565809415, vstest.console.dll, TestRunRequest:SendTestRunMessage: Starting.
TpTrace Information: 0 : 21964, 14, 2022/01/12, 16:21:27.762, 466565809781, vstest.console.dll, TestRunRequest:SendTestRunMessage: Completed.
TpTrace Verbose: 0 : 21964, 14, 2022/01/12, 16:21:27.762, 466565810007, vstest.console.dll, TcpClientExtensions.MessageLoopAsync: Polling on remoteEndPoint: 127.0.0.1:55129 localEndPoint: 127.0.0.1:55128
TpTrace Verbose: 0 : 21964, 14, 2022/01/12, 16:21:27.890, 466567090984, vstest.console.dll, TcpClientExtensions.MessageLoopAsync: NotifyDataAvailable remoteEndPoint: 127.0.0.1:55129 localEndPoint: 127.0.0.1:55128
TpTrace Verbose: 0 : 21964, 14, 2022/01/12, 16:21:27.890, 466567092142, vstest.console.dll, TestRequestSender.OnExecutionMessageReceived: Received message: {"Version":2,"MessageType":"TestSession.Message","Payload":{"MessageLevel":0,"Message":"[xUnit.net 00:00:00.45]   Finished:    chaptertestesunitarios.tests"}}
TpTrace Verbose: 0 : 21964, 14, 2022/01/12, 16:21:27.890, 466567093707, vstest.console.dll, TestRunRequest:SendTestRunMessage: Starting.
TpTrace Information: 0 : 21964, 14, 2022/01/12, 16:21:27.890, 466567094125, vstest.console.dll, TestRunRequest:SendTestRunMessage: Completed.
TpTrace Verbose: 0 : 21964, 14, 2022/01/12, 16:21:27.890, 466567094352, vstest.console.dll, TcpClientExtensions.MessageLoopAsync: Polling on remoteEndPoint: 127.0.0.1:55129 localEndPoint: 127.0.0.1:55128
TpTrace Verbose: 0 : 21964, 14, 2022/01/12, 16:21:27.920, 466567393029, vstest.console.dll, TcpClientExtensions.MessageLoopAsync: NotifyDataAvailable remoteEndPoint: 127.0.0.1:55129 localEndPoint: 127.0.0.1:55128
TpTrace Verbose: 0 : 21964, 14, 2022/01/12, 16:21:27.921, 466567394514, vstest.console.dll, TestRequestSender.OnExecutionMessageReceived: Received message: {"Version":2,"MessageType":"TestExecution.Completed","Payload":{"TestRunCompleteArgs":{"TestRunStatistics":{"ExecutedTests":2,"Stats":{"Passed":2}},"IsCanceled":false,"IsAborted":false,"Error":null,"AttachmentSets":[],"ElapsedTimeInRunningTests":"00:00:00.4609081","Metrics":{}},"LastRunTests":{"NewTestResults":[{"TestCase":{"Id":"8f5d0539-683a-fe46-1cdd-43f61f49f4c0","FullyQualifiedName":"chaptertestesunitarios.tests.BusinessTests.GetCustomer_InvalidLegalId","DisplayName":"chaptertestesunitarios.tests.BusinessTests.GetCustomer_InvalidLegalId","ExecutorUri":"executor://xunit/VsTestRunner2/netcoreapp","Source":"C:\\Users\\pparahyba\\source\\repos\\chaptertestesunitarios.tests\\bin\\Debug\\netcoreapp3.1\\fine-code-coverage\\build-output\\chaptertestesunitarios.tests.dll","CodeFilePath":null,"LineNumber":0,"Properties":[]},"Attachments":[],"Outcome":1,"ErrorMessage":null,"ErrorStackTrace":null,"DisplayName":"chaptertestesunitarios.tests.BusinessTests.GetCustomer_InvalidLegalId","Messages":[],"ComputerName":"DESKTOP-67L01N6","Duration":"00:00:00.0590879","StartTime":"2022-01-12T19:21:27.8694599+00:00","EndTime":"2022-01-12T19:21:27.8695315+00:00","Properties":[]},{"TestCase":{"Id":"fda2183e-bbbd-22a5-ff45-6c0a2fcf2e53","FullyQualifiedName":"chaptertestesunitarios.tests.BusinessTests.GetCustomer_ValidLegalId","DisplayName":"chaptertestesunitarios.tests.BusinessTests.GetCustomer_ValidLegalId","ExecutorUri":"executor://xunit/VsTestRunner2/netcoreapp","Source":"C:\\Users\\pparahyba\\source\\repos\\chaptertestesunitarios.tests\\bin\\Debug\\netcoreapp3.1\\fine-code-coverage\\build-output\\chaptertestesunitarios.tests.dll","CodeFilePath":null,"LineNumber":0,"Properties":[]},"Attachments":[],"Outcome":1,"ErrorMessage":null,"ErrorStackTrace":null,"DisplayName":"chaptertestesunitarios.tests.BusinessTests.GetCustomer_ValidLegalId","Messages":[],"ComputerName":"DESKTOP-67L01N6","Duration":"00:00:00.0164944","StartTime":"2022-01-12T19:21:27.8855301+00:00","EndTime":"2022-01-12T19:21:27.8855318+00:00","Properties":[]}],"TestRunStatistics":{"ExecutedTests":2,"Stats":{"Passed":2}},"ActiveTests":[]},"RunAttachments":[],"ExecutorUris":["executor://xunit/VsTestRunner2/netcoreapp"]}}
TpTrace Verbose: 0 : 21964, 14, 2022/01/12, 16:21:27.922, 466567413896, vstest.console.dll, TestRequestSender.EndSession: Sending end session.
TpTrace Verbose: 0 : 21964, 14, 2022/01/12, 16:21:27.923, 466567415014, vstest.console.dll, ProxyOperationManager.Close: waiting for test host to exit for 100 ms
TpTrace Warning: 0 : 21964, 12, 2022/01/12, 16:21:27.966, 466567844951, vstest.console.dll, TestHostManagerCallbacks.ErrorReceivedCallback Test host standard error line: 
TpTrace Verbose: 0 : 21964, 7, 2022/01/12, 16:21:27.974, 466567930426, vstest.console.dll, TestHostProvider.ExitCallBack: Host exited starting callback.
TpTrace Information: 0 : 21964, 7, 2022/01/12, 16:21:27.975, 466567934880, vstest.console.dll, TestHostManagerCallbacks.ExitCallBack: Testhost processId: 21604 exited with exitcode: 0 error: ''
TpTrace Verbose: 0 : 21964, 7, 2022/01/12, 16:21:27.975, 466567935348, vstest.console.dll, DotnetTestHostManager.OnHostExited: invoking OnHostExited callback
TpTrace Verbose: 0 : 21964, 7, 2022/01/12, 16:21:27.975, 466567935866, vstest.console.dll, CrossPlatEngine.TestHostManagerHostExited: calling on client process exit callback.
TpTrace Information: 0 : 21964, 7, 2022/01/12, 16:21:27.975, 466567936305, vstest.console.dll, TestRequestSender.OnClientProcessExit: Test host process exited. Standard error: 
TpTrace Warning: 0 : 21964, 14, 2022/01/12, 16:21:27.975, 466567936636, vstest.console.dll, ProxyOperationManager: Timed out waiting for test host to exit. Will terminate process.
TpTrace Information: 0 : 21964, 7, 2022/01/12, 16:21:27.975, 466567936752, vstest.console.dll, SocketServer.Stop: Stop server endPoint: 127.0.0.1:55128
TpTrace Information: 0 : 21964, 7, 2022/01/12, 16:21:27.975, 466567937782, vstest.console.dll, SocketServer.Stop: Cancellation requested. Stopping message loop.
TpTrace Verbose: 0 : 21964, 14, 2022/01/12, 16:21:27.975, 466567942043, vstest.console.dll, ProxyDataCollectionManager.InvokeDataCollectionServiceAction: Starting.
TpTrace Information: 0 : 21964, 14, 2022/01/12, 16:21:27.975, 466567942454, vstest.console.dll, ProxyDataCollectionManager.AfterTestRunEnd: Get attachment set for datacollector processId: 24780 port: 55125
TpTrace Verbose: 0 : 21964, 14, 2022/01/12, 16:21:27.975, 466567942810, vstest.console.dll, DataCollectionRequestSender.SendAfterTestRunStartAndGetResult : Send AfterTestRunEnd message with isCancelled: False
TpTrace Verbose: 0 : 21964, 14, 2022/01/12, 16:21:27.978, 466567972047, vstest.console.dll, DataCollectionRequestSender.SendAfterTestRunStartAndGetResult : Received message: (DataCollection.AfterTestRunEndResult) -> {
  "AttachmentSets": [],
  "Metrics": {}
}
TpTrace Information: 0 : 21964, 14, 2022/01/12, 16:21:27.981, 466568000571, vstest.console.dll, ProxyDataCollectionManager.InvokeDataCollectionServiceAction: Completed.
TpTrace Warning: 0 : 21964, 9, 2022/01/12, 16:21:27.981, 466568001868, vstest.console.dll, DataCollectionLauncher.ErrorReceivedCallback datacollector standard error line: 
TpTrace Information: 0 : 21964, 7, 2022/01/12, 16:21:27.984, 466568033137, vstest.console.dll, DataCollectionLauncher.ExitCallBack: Data collector exited with exitcode: 0 error: ''
TpTrace Verbose: 0 : 21964, 14, 2022/01/12, 16:21:28.015, 466568342149, vstest.console.dll, TestRunRequest:SendTestRunStatsChange: Starting.
TpTrace Information: 0 : 21964, 14, 2022/01/12, 16:21:28.016, 466568345174, vstest.console.dll, TestRunRequest:SendTestRunStatsChange: Completed.
TpTrace Verbose: 0 : 21964, 14, 2022/01/12, 16:21:28.016, 466568346811, vstest.console.dll, ParallelProxyExecutionManager: HandlePartialRunComplete: Total completed clients = 1, Run complete = True, Run canceled: False.
TpTrace Verbose: 0 : 21964, 14, 2022/01/12, 16:21:28.034, 466568531385, vstest.console.dll, TestRunRequest:TestRunComplete: Starting. IsAborted:False IsCanceled:False.
TpTrace Verbose: 0 : 21964, 14, 2022/01/12, 16:21:28.034, 466568533121, vstest.console.dll, TestLoggerManager.HandleTestRunComplete: Ignoring as the object is disposed.
TpTrace Information: 0 : 21964, 14, 2022/01/12, 16:21:28.035, 466568534942, vstest.console.dll, TestRunRequest:TestRunComplete: Completed.
TpTrace Verbose: 0 : 21964, 14, 2022/01/12, 16:21:28.035, 466568535343, vstest.console.dll, TestRequestSender.SetOperationComplete: Setting operation complete.
TpTrace Verbose: 0 : 21964, 1, 2022/01/12, 16:21:28.035, 466568535423, vstest.console.dll, TestRunRequest.Dispose: Starting.
TpTrace Information: 0 : 21964, 1, 2022/01/12, 16:21:28.035, 466568535944, vstest.console.dll, TestRunRequest.Dispose: Completed.
TpTrace Information: 0 : 21964, 1, 2022/01/12, 16:21:28.035, 466568536674, vstest.console.dll, TestRequestManager.RunTests: run tests completed.
TpTrace Information: 0 : 21964, 14, 2022/01/12, 16:21:28.035, 466568535591, vstest.console.dll, SocketServer.Stop: Stop server endPoint: 127.0.0.1:55128
TpTrace Information: 0 : 21964, 1, 2022/01/12, 16:21:28.035, 466568537335, vstest.console.dll, RunTestsArgumentProcessor:Execute: Test run is completed.
TpTrace Information: 0 : 21964, 14, 2022/01/12, 16:21:28.035, 466568537320, vstest.console.dll, SocketServer.Stop: Cancellation requested. Stopping message loop.
TpTrace Information: 0 : 21964, 14, 2022/01/12, 16:21:28.035, 466568537889, vstest.console.dll, SocketServer.PrivateStop: Stop server endPoint: 127.0.0.1:55128 error: 
TpTrace Verbose: 0 : 21964, 1, 2022/01/12, 16:21:28.035, 466568539427, vstest.console.dll, Executor.Execute: Exiting with exit code of 0
TpTrace Verbose: 0 : 21964, 14, 2022/01/12, 16:21:28.035, 466568541698, vstest.console.dll, LengthPrefixCommunicationChannel.Dispose: Dispose reader and writer.
TpTrace Information: 0 : 21964, 14, 2022/01/12, 16:21:28.035, 466568542325, vstest.console.dll, SocketServer.Stop: Raise disconnected event endPoint: 127.0.0.1:55128 error: 
TpTrace Verbose: 0 : 21964, 14, 2022/01/12, 16:21:28.035, 466568542795, vstest.console.dll, TestRequestSender: OnTestRunAbort: Operation is already complete. Skip error message.
TpTrace Verbose: 0 : 21964, 14, 2022/01/12, 16:21:28.035, 466568543022, vstest.console.dll, TcpClientExtensions.MessageLoopAsync: exiting MessageLoopAsync remoteEndPoint: 127.0.0.1:55129 localEndPoint: 127.0.0.1:55128
